<?xml version="1.0" encoding="UTF-8"?>
<testsuite xmlns:xsi="http://www.w3.org/2001/XMLSchema-instance" xsi:noNamespaceSchemaLocation="https://maven.apache.org/surefire/maven-surefire-plugin/xsd/surefire-test-report.xsd" name="org.mzerpa.ejemplos.CuentaTest" time="6.23" tests="59" errors="0" skipped="6" failures="5">
  <properties>
[...]
</properties>
  <testcase name="testSaldoCuentaDev" classname="org.mzerpa.ejemplos.CuentaTest" time="0">
    <skipped message="Assumption failed: assumption is not true" type="org.opentest4j.TestAbortedException">org.opentest4j.TestAbortedException: Assumption failed: assumption is not true
	at org.mzerpa.ejemplos.CuentaTest.testSaldoCuentaDev(CuentaTest.java:284)
</skipped>
    <system-out><![CDATA[inicializando el test
INICIANDO EL METODO.
fializando el método de prueba
]]></system-out>
  </testcase>
  <testcase name="DineroInsuficienteExceptionCuenta" classname="org.mzerpa.ejemplos.CuentaTest" time="0.003"/>
  <testcase name="testRelacionBancoCuentas1" classname="org.mzerpa.ejemplos.CuentaTest" time="0.006"/>
  <testcase name="testSaldoCuentaDev2" classname="org.mzerpa.ejemplos.CuentaTest" time="0.001"/>
  <testcase name="testRelacionBancoCuentas" classname="org.mzerpa.ejemplos.CuentaTest" time="0">
    <skipped message="void org.mzerpa.ejemplos.CuentaTest.testRelacionBancoCuentas() is @Disabled"/>
  </testcase>
  <testcase name="pruebaTimeout2" classname="org.mzerpa.ejemplos.CuentaTest$pruebaSTimeout" time="0.915"/>
  <testcase name="testTimeOutAssertion" classname="org.mzerpa.ejemplos.CuentaTest$pruebaSTimeout" time="4.014"/>
  <testcase name="pruebaTimeout" classname="org.mzerpa.ejemplos.CuentaTest$pruebaSTimeout" time="1.009"/>
  <testcase name="TTestDebitoCuentaRepeat{RepetitionInfo}[1]" classname="org.mzerpa.ejemplos.CuentaTest$pruebasRepetitivasParametrizadasTest" time="0.002"/>
  <testcase name="TTestDebitoCuentaRepeat{RepetitionInfo}[2]" classname="org.mzerpa.ejemplos.CuentaTest$pruebasRepetitivasParametrizadasTest" time="0.001"/>
  <testcase name="TTestDebitoCuentaRepeat{RepetitionInfo}[3]" classname="org.mzerpa.ejemplos.CuentaTest$pruebasRepetitivasParametrizadasTest" time="0.004"/>
  <testcase name="TTestDebitoCuentaRepeat{RepetitionInfo}[4]" classname="org.mzerpa.ejemplos.CuentaTest$pruebasRepetitivasParametrizadasTest" time="0"/>
  <testcase name="TTestDebitoCuentaRepeat{RepetitionInfo}[5]" classname="org.mzerpa.ejemplos.CuentaTest$pruebasRepetitivasParametrizadasTest" time="0.001"/>
  <testcase name="testDebitoCuentaSource1{String}[1]" classname="org.mzerpa.ejemplos.CuentaTest$pruebasRepetitivasParametrizadasTest" time="0.018"/>
  <testcase name="testDebitoCuentaSource1{String}[2]" classname="org.mzerpa.ejemplos.CuentaTest$pruebasRepetitivasParametrizadasTest" time="0.001"/>
  <testcase name="testDebitoCuentaSource1{String}[3]" classname="org.mzerpa.ejemplos.CuentaTest$pruebasRepetitivasParametrizadasTest" time="0.001"/>
  <testcase name="testDebitoCuentaSource1{String}[4]" classname="org.mzerpa.ejemplos.CuentaTest$pruebasRepetitivasParametrizadasTest" time="0.002"/>
  <testcase name="testDebitoCuentaSource1{String}[5]" classname="org.mzerpa.ejemplos.CuentaTest$pruebasRepetitivasParametrizadasTest" time="0"/>
  <testcase name="testDebitoCuentaSource1{String}[6]" classname="org.mzerpa.ejemplos.CuentaTest$pruebasRepetitivasParametrizadasTest" time="0.001"/>
  <testcase name="testDebitoCuentaSource1{String}[7]" classname="org.mzerpa.ejemplos.CuentaTest$pruebasRepetitivasParametrizadasTest" time="0.007">
    <failure message="expected: &lt;true&gt; but was: &lt;false&gt;" type="org.opentest4j.AssertionFailedError"><![CDATA[org.opentest4j.AssertionFailedError: expected: <true> but was: <false>
	at org.mzerpa.ejemplos.CuentaTest$pruebasRepetitivasParametrizadasTest.testDebitoCuentaSource1(CuentaTest.java:361)
]]></failure>
    <system-out><![CDATA[INICIANDO EL METODO.
fializando el método de prueba
]]></system-out>
  </testcase>
  <testcase name="testDebitoCuentaSource1{String, String, String, String}[1]" classname="org.mzerpa.ejemplos.CuentaTest$pruebasRepetitivasParametrizadasTest" time="0.004">
    <failure message="expected: &lt;John&gt; but was: &lt;Andres&gt;" type="org.opentest4j.AssertionFailedError"><![CDATA[org.opentest4j.AssertionFailedError: expected: <John> but was: <Andres>
	at org.mzerpa.ejemplos.CuentaTest$pruebasRepetitivasParametrizadasTest.testDebitoCuentaSource1(CuentaTest.java:352)
]]></failure>
    <system-out><![CDATA[INICIANDO EL METODO.
200->100
fializando el método de prueba
]]></system-out>
  </testcase>
  <testcase name="testDebitoCuentaSource1{String, String, String, String}[2]" classname="org.mzerpa.ejemplos.CuentaTest$pruebasRepetitivasParametrizadasTest" time="0.001"/>
  <testcase name="testDebitoCuentaSource1{String, String, String, String}[3]" classname="org.mzerpa.ejemplos.CuentaTest$pruebasRepetitivasParametrizadasTest" time="0.003">
    <failure message="expected: &lt;maria&gt; but was: &lt;Maria&gt;" type="org.opentest4j.AssertionFailedError"><![CDATA[org.opentest4j.AssertionFailedError: expected: <maria> but was: <Maria>
	at org.mzerpa.ejemplos.CuentaTest$pruebasRepetitivasParametrizadasTest.testDebitoCuentaSource1(CuentaTest.java:352)
]]></failure>
    <system-out><![CDATA[INICIANDO EL METODO.
300->300
fializando el método de prueba
]]></system-out>
  </testcase>
  <testcase name="testDebitoCuentaSource1{String, String, String, String}[4]" classname="org.mzerpa.ejemplos.CuentaTest$pruebasRepetitivasParametrizadasTest" time="0.002"/>
  <testcase name="testDebitoCuentaSource1{String, String, String, String}[5]" classname="org.mzerpa.ejemplos.CuentaTest$pruebasRepetitivasParametrizadasTest" time="0.001">
    <failure message="expected: &lt;Lucas&gt; but was: &lt;Luca&gt;" type="org.opentest4j.AssertionFailedError"><![CDATA[org.opentest4j.AssertionFailedError: expected: <Lucas> but was: <Luca>
	at org.mzerpa.ejemplos.CuentaTest$pruebasRepetitivasParametrizadasTest.testDebitoCuentaSource1(CuentaTest.java:352)
]]></failure>
    <system-out><![CDATA[INICIANDO EL METODO.
750->700
fializando el método de prueba
]]></system-out>
  </testcase>
  <testcase name="testDebitoCuentaSource1{String, String, String, String}[6]" classname="org.mzerpa.ejemplos.CuentaTest$pruebasRepetitivasParametrizadasTest" time="0.001">
    <failure message="expected: &lt;true&gt; but was: &lt;false&gt;" type="org.opentest4j.AssertionFailedError"><![CDATA[org.opentest4j.AssertionFailedError: expected: <true> but was: <false>
	at org.mzerpa.ejemplos.CuentaTest$pruebasRepetitivasParametrizadasTest.testDebitoCuentaSource1(CuentaTest.java:353)
]]></failure>
    <system-out><![CDATA[INICIANDO EL METODO.
1000.12345->1000.12345
fializando el método de prueba
]]></system-out>
  </testcase>
  <testcase name="testDebitoCuentaSource3{String}[1]" classname="org.mzerpa.ejemplos.CuentaTest$pruebasRepetitivasParametrizadasTest" time="0.001"/>
  <testcase name="testDebitoCuentaSource3{String}[2]" classname="org.mzerpa.ejemplos.CuentaTest$pruebasRepetitivasParametrizadasTest" time="0.001"/>
  <testcase name="testDebitoCuentaSource3{String}[3]" classname="org.mzerpa.ejemplos.CuentaTest$pruebasRepetitivasParametrizadasTest" time="0.001"/>
  <testcase name="testDebitoCuentaSource3{String}[4]" classname="org.mzerpa.ejemplos.CuentaTest$pruebasRepetitivasParametrizadasTest" time="0.001"/>
  <testcase name="testDebitoCuentaSource3{String}[5]" classname="org.mzerpa.ejemplos.CuentaTest$pruebasRepetitivasParametrizadasTest" time="0.001"/>
  <testcase name="testDebitoCuentaSource3{String}[6]" classname="org.mzerpa.ejemplos.CuentaTest$pruebasRepetitivasParametrizadasTest" time="0.001"/>
  <testcase name="testDebitoCuentaSource{String}[1]" classname="org.mzerpa.ejemplos.CuentaTest$pruebasRepetitivasParametrizadasTest" time="0.001"/>
  <testcase name="testDebitoCuentaSource{String}[2]" classname="org.mzerpa.ejemplos.CuentaTest$pruebasRepetitivasParametrizadasTest" time="0.001"/>
  <testcase name="testDebitoCuentaSource{String}[3]" classname="org.mzerpa.ejemplos.CuentaTest$pruebasRepetitivasParametrizadasTest" time="0.002"/>
  <testcase name="testDebitoCuentaSource{String}[4]" classname="org.mzerpa.ejemplos.CuentaTest$pruebasRepetitivasParametrizadasTest" time="0.001"/>
  <testcase name="testDebitoCuentaSource{String}[5]" classname="org.mzerpa.ejemplos.CuentaTest$pruebasRepetitivasParametrizadasTest" time="0.001"/>
  <testcase name="testDebitoCuentaSource{String}[6]" classname="org.mzerpa.ejemplos.CuentaTest$pruebasRepetitivasParametrizadasTest" time="0.001"/>
  <testcase name="testDebitoCuentaSource{String, String}[1]" classname="org.mzerpa.ejemplos.CuentaTest$pruebasRepetitivasParametrizadasTest" time="0.003"/>
  <testcase name="testDebitoCuentaSource{String, String}[2]" classname="org.mzerpa.ejemplos.CuentaTest$pruebasRepetitivasParametrizadasTest" time="0.001"/>
  <testcase name="testDebitoCuentaSource{String, String}[3]" classname="org.mzerpa.ejemplos.CuentaTest$pruebasRepetitivasParametrizadasTest" time="0.002"/>
  <testcase name="testDebitoCuentaSource{String, String}[4]" classname="org.mzerpa.ejemplos.CuentaTest$pruebasRepetitivasParametrizadasTest" time="0.001"/>
  <testcase name="testDebitoCuentaSource{String, String}[5]" classname="org.mzerpa.ejemplos.CuentaTest$pruebasRepetitivasParametrizadasTest" time="0.001"/>
  <testcase name="testDebitoCuentaSource{String, String}[6]" classname="org.mzerpa.ejemplos.CuentaTest$pruebasRepetitivasParametrizadasTest" time="0.001"/>
  <testcase name="testJavaHome" classname="org.mzerpa.ejemplos.CuentaTest$VariableAmbienteTest" time="0">
    <skipped message="Environment variable [JAVA:HOME] does not exist"/>
  </testcase>
  <testcase name="imprimirVariableAmbientes" classname="org.mzerpa.ejemplos.CuentaTest$VariableAmbienteTest" time="0.026"/>
  <testcase name="testJavaVersion" classname="org.mzerpa.ejemplos.CuentaTest$SistemPropertiesTest" time="0"/>
  <testcase name="imprimirSystemProperties" classname="org.mzerpa.ejemplos.CuentaTest$SistemPropertiesTest" time="0.021"/>
  <testcase name="solojdk17" classname="org.mzerpa.ejemplos.CuentaTest$JavaVersionTest" time="0"/>
  <testcase name="solojdk8" classname="org.mzerpa.ejemplos.CuentaTest$JavaVersionTest" time="0">
    <skipped message="Disabled on JRE version: 17.0.5"/>
  </testcase>
  <testcase name="testSoloLinuxMac" classname="org.mzerpa.ejemplos.CuentaTest$SistemaOperativoTest" time="0">
    <skipped message="Disabled on operating system: Windows 10"/>
  </testcase>
  <testcase name="testSoloWindows" classname="org.mzerpa.ejemplos.CuentaTest$SistemaOperativoTest" time="0.001"/>
  <testcase name="sinNoWindows" classname="org.mzerpa.ejemplos.CuentaTest$SistemaOperativoTest" time="0">
    <skipped message="Disabled on operating system: Windows 10"/>
  </testcase>
  <testcase name="testCreditoCuenta" classname="org.mzerpa.ejemplos.CuentaTest$CuentaOperacionesTest" time="0.001"/>
  <testcase name="testDebitoCuenta" classname="org.mzerpa.ejemplos.CuentaTest$CuentaOperacionesTest" time="0"/>
  <testcase name="testTransferirDineroCuentas" classname="org.mzerpa.ejemplos.CuentaTest$CuentaOperacionesTest" time="0.001"/>
  <testcase name="testSaldoCuenta" classname="org.mzerpa.ejemplos.CuentaTest$CuentaTestNombreSaldo" time="0"/>
  <testcase name="testReferenciaCuenta" classname="org.mzerpa.ejemplos.CuentaTest$CuentaTestNombreSaldo" time="0.001"/>
  <testcase name="testNombreCuenta" classname="org.mzerpa.ejemplos.CuentaTest$CuentaTestNombreSaldo" time="0"/>
</testsuite>